<?xml version="1.0" encoding="UTF-8"?>
<testsuite name="JUnit Jupiter" tests="0" skipped="0" failures="0" errors="0" time="0.007" hostname="LAjfernan" timestamp="2017-01-06T11:15:08">
<properties>
<property name="awt.toolkit" value="sun.lwawt.macosx.LWCToolkit"/>
<property name="file.encoding" value="UTF-8"/>
<property name="file.encoding.pkg" value="sun.io"/>
<property name="file.separator" value="/"/>
<property name="ftp.nonProxyHosts" value="local|*.local|169.254/16|*.169.254/16"/>
<property name="gopherProxySet" value="false"/>
<property name="http.nonProxyHosts" value="local|*.local|169.254/16|*.169.254/16"/>
<property name="java.awt.graphicsenv" value="sun.awt.CGraphicsEnvironment"/>
<property name="java.awt.printerjob" value="sun.lwawt.macosx.CPrinterJob"/>
<property name="java.class.path" value="/Users/jfernan/Projects/pessoais/restaurante/build/classes/test:/Users/jfernan/Projects/pessoais/restaurante/build/resources/test:/Users/jfernan/Projects/pessoais/restaurante/build/classes/main:/Users/jfernan/Projects/pessoais/restaurante/build/resources/main:/Users/jfernan/.gradle/caches/modules-2/files-2.1/org.springframework.boot/spring-boot-devtools/2.0.0.BUILD-SNAPSHOT/10b4bb74eccf2a3d9d47465eb664dd4e82cdf862/spring-boot-devtools-2.0.0.BUILD-SNAPSHOT.jar:/Users/jfernan/.gradle/caches/modules-2/files-2.1/org.springframework.boot/spring-boot-starter-web/2.0.0.BUILD-SNAPSHOT/d9b5cd3901d60c8588d39ebad94f479a5d7c5a8a/spring-boot-starter-web-2.0.0.BUILD-SNAPSHOT.jar:/Users/jfernan/.gradle/caches/modules-2/files-2.1/org.springframework.boot/spring-boot-starter-actuator/2.0.0.BUILD-SNAPSHOT/a7bafd405449a6bba357eb3765901a57408a4efd/spring-boot-starter-actuator-2.0.0.BUILD-SNAPSHOT.jar:/Users/jfernan/.gradle/caches/modules-2/files-2.1/org.slf4j/slf4j-api/1.7.22/a1c83373863cec7ae8d89dc1c5722d8cb6ec0309/slf4j-api-1.7.22.jar:/Users/jfernan/.gradle/caches/modules-2/files-2.1/org.projectlombok/lombok/1.16.12/64b2d2e8734b54ddba60a69df68a6dac627366c8/lombok-1.16.12.jar:/Users/jfernan/.gradle/caches/modules-2/files-2.1/com.google.code.findbugs/annotations/3.0.1u2/89a670596c98e416fb2583c08ae34cc5c3ce2097/annotations-3.0.1u2.jar:/Users/jfernan/.gradle/caches/modules-2/files-2.1/org.assertj/assertj-core/2.6.0/b532c3fc4f66bcfee4989a3514f1cd56203a33ad/assertj-core-2.6.0.jar:/Users/jfernan/.gradle/caches/modules-2/files-2.1/com.jayway.jsonpath/json-path/2.2.0/22290d17944bd239fabf5ac69005a60a7ecbbbcb/json-path-2.2.0.jar:/Users/jfernan/.gradle/caches/modules-2/files-2.1/org.springframework.boot/spring-boot-starter-test/2.0.0.BUILD-SNAPSHOT/d7f001127db3526a2e7b72b290c8fb1b10c36939/spring-boot-starter-test-2.0.0.BUILD-SNAPSHOT.jar:/Users/jfernan/.gradle/caches/modules-2/files-2.1/org.junit.jupiter/junit-jupiter-api/5.0.0-M3/a0f3d812b3f3b394f0f6b1998f706a3685b28cbe/junit-jupiter-api-5.0.0-M3.jar:/Users/jfernan/.gradle/caches/modules-2/files-2.1/org.junit.platform/junit-platform-runner/1.0.0-M3/21647b5389a01eca650da0a8b9155a3739d4d43d/junit-platform-runner-1.0.0-M3.jar:/Users/jfernan/.gradle/caches/modules-2/files-2.1/org.junit.platform/junit-platform-launcher/1.0.0-M3/86525f5274dee56f533f938f9aeae9a3716f8c4/junit-platform-launcher-1.0.0-M3.jar:/Users/jfernan/.gradle/caches/modules-2/files-2.1/org.mockito/mockito-core/2.4.2/368a656183eac6b47daa37de39ce77b080dac412/mockito-core-2.4.2.jar:/Users/jfernan/.gradle/caches/modules-2/files-2.1/org.junit.jupiter/junit-jupiter-engine/5.0.0-M3/f16a093cdb429dd643638f2f4c617f70568fb3/junit-jupiter-engine-5.0.0-M3.jar:/Users/jfernan/.gradle/caches/modules-2/files-2.1/org.springframework.boot/spring-boot/2.0.0.BUILD-SNAPSHOT/caee13c015a3ce823571be7c6c0eb663a3f753c1/spring-boot-2.0.0.BUILD-SNAPSHOT.jar:/Users/jfernan/.gradle/caches/modules-2/files-2.1/org.springframework.boot/spring-boot-autoconfigure/2.0.0.BUILD-SNAPSHOT/e8f32c1880e62191c6299d16b6dce4b3f684164/spring-boot-autoconfigure-2.0.0.BUILD-SNAPSHOT.jar:/Users/jfernan/.gradle/caches/modules-2/files-2.1/org.springframework.boot/spring-boot-starter/2.0.0.BUILD-SNAPSHOT/a33e8f07118d78c066d029ce78173e11ad1361dc/spring-boot-starter-2.0.0.BUILD-SNAPSHOT.jar:/Users/jfernan/.gradle/caches/modules-2/files-2.1/org.springframework.boot/spring-boot-starter-tomcat/2.0.0.BUILD-SNAPSHOT/4787631aae5bee72d0cd20262ca70f2536cb14bd/spring-boot-starter-tomcat-2.0.0.BUILD-SNAPSHOT.jar:/Users/jfernan/.gradle/caches/modules-2/files-2.1/org.hibernate/hibernate-validator/5.3.4.Final/2f6c8c0b646afe18e3ad205726729d3c4a85fe2e/hibernate-validator-5.3.4.Final.jar:/Users/jfernan/.gradle/caches/modules-2/files-2.1/com.fasterxml.jackson.core/jackson-databind/2.8.5/b3035f37e674c04dafe36a660c3815cc59f764e2/jackson-databind-2.8.5.jar:/Users/jfernan/.gradle/caches/modules-2/files-2.1/org.springframework/spring-web/5.0.0.BUILD-SNAPSHOT/66015a22e978b2e232fb069cf90efe4b987447e5/spring-web-5.0.0.BUILD-SNAPSHOT.jar:/Users/jfernan/.gradle/caches/modules-2/files-2.1/org.springframework/spring-webmvc/5.0.0.BUILD-SNAPSHOT/d04ccd891432859cf0554b64fd34328670154cbe/spring-webmvc-5.0.0.BUILD-SNAPSHOT.jar:/Users/jfernan/.gradle/caches/modules-2/files-2.1/org.springframework.boot/spring-boot-actuator/2.0.0.BUILD-SNAPSHOT/3d3fdc1e56d793c786279ee836966e3b250f6284/spring-boot-actuator-2.0.0.BUILD-SNAPSHOT.jar:/Users/jfernan/.gradle/caches/modules-2/files-2.1/net.jcip/jcip-annotations/1.0/afba4942caaeaf46aab0b976afd57cc7c181467e/jcip-annotations-1.0.jar:/Users/jfernan/.gradle/caches/modules-2/files-2.1/com.google.code.findbugs/jsr305/3.0.1/f7be08ec23c21485b9b5a1cf1654c2ec8c58168d/jsr305-3.0.1.jar:/Users/jfernan/.gradle/caches/modules-2/files-2.1/net.minidev/json-smart/2.2.1/5b9e5df7a62d1279b70dc882b041d249c4f0b002/json-smart-2.2.1.jar:/Users/jfernan/.gradle/caches/modules-2/files-2.1/org.springframework.boot/spring-boot-test/2.0.0.BUILD-SNAPSHOT/4720179b6425760bf55e829a40cc347be2d07574/spring-boot-test-2.0.0.BUILD-SNAPSHOT.jar:/Users/jfernan/.gradle/caches/modules-2/files-2.1/org.springframework.boot/spring-boot-test-autoconfigure/2.0.0.BUILD-SNAPSHOT/d62e780845e9a1c46891cd7c4b061238998d85f4/spring-boot-test-autoconfigure-2.0.0.BUILD-SNAPSHOT.jar:/Users/jfernan/.gradle/caches/modules-2/files-2.1/junit/junit/4.12/2973d150c0dc1fefe998f834810d68f278ea58ec/junit-4.12.jar:/Users/jfernan/.gradle/caches/modules-2/files-2.1/org.hamcrest/hamcrest-core/1.3/42a25dc3219429f0e5d060061f71acb49bf010a0/hamcrest-core-1.3.jar:/Users/jfernan/.gradle/caches/modules-2/files-2.1/org.hamcrest/hamcrest-library/1.3/4785a3c21320980282f9f33d0d1264a69040538f/hamcrest-library-1.3.jar:/Users/jfernan/.gradle/caches/modules-2/files-2.1/org.skyscreamer/jsonassert/1.4.0/9cdbb373a06f6513e51e8c545ee6a5e981463edb/jsonassert-1.4.0.jar:/Users/jfernan/.gradle/caches/modules-2/files-2.1/org.springframework/spring-core/5.0.0.BUILD-SNAPSHOT/4140543d19984e8a1edbb21fbf2453d0a0a7db1/spring-core-5.0.0.BUILD-SNAPSHOT.jar:/Users/jfernan/.gradle/caches/modules-2/files-2.1/org.springframework/spring-test/5.0.0.BUILD-SNAPSHOT/14a2769ecf31df36472477dc9ac16cc9be6d64d5/spring-test-5.0.0.BUILD-SNAPSHOT.jar:/Users/jfernan/.gradle/caches/modules-2/files-2.1/org.opentest4j/opentest4j/1.0.0-M1/b091255eafd515995a5c5fa042cd8db6f4860bf6/opentest4j-1.0.0-M1.jar:/Users/jfernan/.gradle/caches/modules-2/files-2.1/org.junit.platform/junit-platform-commons/1.0.0-M3/d5c77e2df6a820ae30fc17f21a3f8cfc03183980/junit-platform-commons-1.0.0-M3.jar:/Users/jfernan/.gradle/caches/modules-2/files-2.1/org.junit.platform/junit-platform-engine/1.0.0-M3/39a1db55680c9f32985c84ba2951912138b18ac3/junit-platform-engine-1.0.0-M3.jar:/Users/jfernan/.gradle/caches/modules-2/files-2.1/net.bytebuddy/byte-buddy/1.6.0/28ba3295d99d4427d85ad40590cc92493f1ec367/byte-buddy-1.6.0.jar:/Users/jfernan/.gradle/caches/modules-2/files-2.1/net.bytebuddy/byte-buddy-agent/1.5.5/273c16dd04de665a8952bfdd8f65d416da0fd787/byte-buddy-agent-1.5.5.jar:/Users/jfernan/.gradle/caches/modules-2/files-2.1/org.objenesis/objenesis/2.4/2916b6c96b50c5b3ec4452ed99401db745aabb27/objenesis-2.4.jar:/Users/jfernan/.gradle/caches/modules-2/files-2.1/org.springframework/spring-context/5.0.0.BUILD-SNAPSHOT/2bcca397853e0b8c39aeead5bfc3ff6485544033/spring-context-5.0.0.BUILD-SNAPSHOT.jar:/Users/jfernan/.gradle/caches/modules-2/files-2.1/org.springframework.boot/spring-boot-starter-logging/2.0.0.BUILD-SNAPSHOT/fac28018bfebdbdf666b03ebe529bf82ed047921/spring-boot-starter-logging-2.0.0.BUILD-SNAPSHOT.jar:/Users/jfernan/.gradle/caches/modules-2/files-2.1/org.yaml/snakeyaml/1.17/7a27ea250c5130b2922b86dea63cbb1cc10a660c/snakeyaml-1.17.jar:/Users/jfernan/.gradle/caches/modules-2/files-2.1/org.apache.tomcat.embed/tomcat-embed-core/8.5.6/960834b5abc6b2135250487abf6c060a0fa5a22e/tomcat-embed-core-8.5.6.jar:/Users/jfernan/.gradle/caches/modules-2/files-2.1/org.apache.tomcat.embed/tomcat-embed-el/8.5.6/a102298d8dc72f4065533d5962953d753b172602/tomcat-embed-el-8.5.6.jar:/Users/jfernan/.gradle/caches/modules-2/files-2.1/org.apache.tomcat.embed/tomcat-embed-websocket/8.5.6/6f6940a216b380ea8506530c374fcfeef820ba54/tomcat-embed-websocket-8.5.6.jar:/Users/jfernan/.gradle/caches/modules-2/files-2.1/javax.validation/validation-api/1.1.0.Final/8613ae82954779d518631e05daa73a6a954817d5/validation-api-1.1.0.Final.jar:/Users/jfernan/.gradle/caches/modules-2/files-2.1/org.jboss.logging/jboss-logging/3.3.0.Final/3616bb87707910296e2c195dc016287080bba5af/jboss-logging-3.3.0.Final.jar:/Users/jfernan/.gradle/caches/modules-2/files-2.1/com.fasterxml/classmate/1.3.3/864c8e370a691e343210cc7c532fc198cee460d8/classmate-1.3.3.jar:/Users/jfernan/.gradle/caches/modules-2/files-2.1/com.fasterxml.jackson.core/jackson-annotations/2.8.5/9d82ff47bc2c2d3b5b6a6618fe636782bbcd5b07/jackson-annotations-2.8.5.jar:/Users/jfernan/.gradle/caches/modules-2/files-2.1/com.fasterxml.jackson.core/jackson-core/2.8.5/60d059f5d2930ccd1ef03535b713fd9f933d1ba7/jackson-core-2.8.5.jar:/Users/jfernan/.gradle/caches/modules-2/files-2.1/org.springframework/spring-aop/5.0.0.BUILD-SNAPSHOT/70de19536392090a8aa57febea9488524fb6af6/spring-aop-5.0.0.BUILD-SNAPSHOT.jar:/Users/jfernan/.gradle/caches/modules-2/files-2.1/org.springframework/spring-beans/5.0.0.BUILD-SNAPSHOT/e33bd3f6f2f2e04c30fa2185178d3588a19f053c/spring-beans-5.0.0.BUILD-SNAPSHOT.jar:/Users/jfernan/.gradle/caches/modules-2/files-2.1/org.springframework/spring-expression/5.0.0.BUILD-SNAPSHOT/e122a8cd6a3ca33e59f541fcd264c3d050fe183c/spring-expression-5.0.0.BUILD-SNAPSHOT.jar:/Users/jfernan/.gradle/caches/modules-2/files-2.1/net.minidev/accessors-smart/1.1/a527213f2fea112a04c9bdf0ec0264e34104cd08/accessors-smart-1.1.jar:/Users/jfernan/.gradle/caches/modules-2/files-2.1/com.vaadin.external.google/android-json/0.0.20131108.vaadin1/fa26d351fe62a6a17f5cda1287c1c6110dec413f/android-json-0.0.20131108.vaadin1.jar:/Users/jfernan/.gradle/caches/modules-2/files-2.1/ch.qos.logback/logback-classic/1.1.8/e54f49a227611976642f81cf2106b81c1ece8bf5/logback-classic-1.1.8.jar:/Users/jfernan/.gradle/caches/modules-2/files-2.1/org.slf4j/jcl-over-slf4j/1.7.22/86ceac14535af5a42c8fb0d06d79b925dd3cb263/jcl-over-slf4j-1.7.22.jar:/Users/jfernan/.gradle/caches/modules-2/files-2.1/org.slf4j/jul-to-slf4j/1.7.22/b0429e950b3d2bc2c39c1bacafac753edbe3781c/jul-to-slf4j-1.7.22.jar:/Users/jfernan/.gradle/caches/modules-2/files-2.1/org.slf4j/log4j-over-slf4j/1.7.22/a527c37e9ca6c3d19ba298edd4aa344ca751a203/log4j-over-slf4j-1.7.22.jar:/Users/jfernan/.gradle/caches/modules-2/files-2.1/org.ow2.asm/asm/5.0.3/dcc2193db20e19e1feca8b1240dbbc4e190824fa/asm-5.0.3.jar:/Users/jfernan/.gradle/caches/modules-2/files-2.1/ch.qos.logback/logback-core/1.1.8/b4d1c3dea91727faf8b3d19cf4b9b972d6c0b89/logback-core-1.1.8.jar:/Users/jfernan/.gradle/caches/modules-2/files-2.1/org.junit.platform/junit-platform-console/1.0.0-M3/fec4071130bcec4081b868a59fa6cad47f11733/junit-platform-console-1.0.0-M3.jar"/>
<property name="java.class.version" value="52.0"/>
<property name="java.endorsed.dirs" value="/Library/Java/JavaVirtualMachines/jdk1.8.0_92.jdk/Contents/Home/jre/lib/endorsed"/>
<property name="java.ext.dirs" value="/Users/jfernan/Library/Java/Extensions:/Library/Java/JavaVirtualMachines/jdk1.8.0_92.jdk/Contents/Home/jre/lib/ext:/Library/Java/Extensions:/Network/Library/Java/Extensions:/System/Library/Java/Extensions:/usr/lib/java"/>
<property name="java.home" value="/Library/Java/JavaVirtualMachines/jdk1.8.0_92.jdk/Contents/Home/jre"/>
<property name="java.io.tmpdir" value="/var/folders/v5/1wf9lsqj1q7g60qgystj6m300000gq/T/"/>
<property name="java.library.path" value="/Users/jfernan/Library/Java/Extensions:/Library/Java/Extensions:/Network/Library/Java/Extensions:/System/Library/Java/Extensions:/usr/lib/java:."/>
<property name="java.runtime.name" value="Java(TM) SE Runtime Environment"/>
<property name="java.runtime.version" value="1.8.0_92-b14"/>
<property name="java.specification.name" value="Java Platform API Specification"/>
<property name="java.specification.vendor" value="Oracle Corporation"/>
<property name="java.specification.version" value="1.8"/>
<property name="java.vendor" value="Oracle Corporation"/>
<property name="java.vendor.url" value="http://java.oracle.com/"/>
<property name="java.vendor.url.bug" value="http://bugreport.sun.com/bugreport/"/>
<property name="java.version" value="1.8.0_92"/>
<property name="java.vm.info" value="mixed mode"/>
<property name="java.vm.name" value="Java HotSpot(TM) 64-Bit Server VM"/>
<property name="java.vm.specification.name" value="Java Virtual Machine Specification"/>
<property name="java.vm.specification.vendor" value="Oracle Corporation"/>
<property name="java.vm.specification.version" value="1.8"/>
<property name="java.vm.vendor" value="Oracle Corporation"/>
<property name="java.vm.version" value="25.92-b14"/>
<property name="line.separator" value="
"/>
<property name="os.arch" value="x86_64"/>
<property name="os.name" value="Mac OS X"/>
<property name="os.version" value="10.11.6"/>
<property name="path.separator" value=":"/>
<property name="socksNonProxyHosts" value="local|*.local|169.254/16|*.169.254/16"/>
<property name="sun.arch.data.model" value="64"/>
<property name="sun.boot.class.path" value="/Library/Java/JavaVirtualMachines/jdk1.8.0_92.jdk/Contents/Home/jre/lib/resources.jar:/Library/Java/JavaVirtualMachines/jdk1.8.0_92.jdk/Contents/Home/jre/lib/rt.jar:/Library/Java/JavaVirtualMachines/jdk1.8.0_92.jdk/Contents/Home/jre/lib/sunrsasign.jar:/Library/Java/JavaVirtualMachines/jdk1.8.0_92.jdk/Contents/Home/jre/lib/jsse.jar:/Library/Java/JavaVirtualMachines/jdk1.8.0_92.jdk/Contents/Home/jre/lib/jce.jar:/Library/Java/JavaVirtualMachines/jdk1.8.0_92.jdk/Contents/Home/jre/lib/charsets.jar:/Library/Java/JavaVirtualMachines/jdk1.8.0_92.jdk/Contents/Home/jre/lib/jfr.jar:/Library/Java/JavaVirtualMachines/jdk1.8.0_92.jdk/Contents/Home/jre/classes"/>
<property name="sun.boot.library.path" value="/Library/Java/JavaVirtualMachines/jdk1.8.0_92.jdk/Contents/Home/jre/lib"/>
<property name="sun.cpu.endian" value="little"/>
<property name="sun.cpu.isalist" value=""/>
<property name="sun.io.unicode.encoding" value="UnicodeBig"/>
<property name="sun.java.command" value="org.junit.platform.console.ConsoleLauncher --hide-details --scan-class-path /Users/jfernan/Projects/pessoais/restaurante/build/classes/main:/Users/jfernan/Projects/pessoais/restaurante/build/resources/main:/Users/jfernan/Projects/pessoais/restaurante/build/classes/test:/Users/jfernan/Projects/pessoais/restaurante/build/resources/test -n .*Test -n .*Tests -e junit-jupiter --reports-dir /Users/jfernan/Projects/pessoais/restaurante/build/test-results/junit-platform"/>
<property name="sun.java.launcher" value="SUN_STANDARD"/>
<property name="sun.jnu.encoding" value="UTF-8"/>
<property name="sun.management.compiler" value="HotSpot 64-Bit Tiered Compilers"/>
<property name="sun.os.patch.level" value="unknown"/>
<property name="user.country" value="US"/>
<property name="user.dir" value="/Users/jfernan/Projects/pessoais/restaurante"/>
<property name="user.home" value="/Users/jfernan"/>
<property name="user.language" value="en"/>
<property name="user.name" value="jfernan"/>
<property name="user.timezone" value="America/Sao_Paulo"/>
<property name="user.variant" value=""/>
</properties>
<system-out><![CDATA[
unique-id: [engine:junit-jupiter]
display-name: JUnit Jupiter
]]></system-out>
</testsuite>
